[2025-10-11 00:00:00] INFO: PHP Error Log Initialized
[2025-10-11 00:00:00] INFO: Log file created for SMA ALBNYAN Contract Management System[2025-10-11 14:06:02] TEST: Test message from debug configuration test
[2025-10-11 14:06:32] PROD: Test message from production environment
[12-Oct-2025 21:58:27 Asia/Riyadh] PHP Fatal error:  Allowed memory size of 536870912 bytes exhausted (tried to allocate 32768 bytes) in C:\xampp\htdocs\ContractSama\config\database.php on line 1
[12-Oct-2025 21:58:30 Asia/Riyadh] PHP Fatal error:  Allowed memory size of 536870912 bytes exhausted (tried to allocate 32768 bytes) in C:\xampp\htdocs\ContractSama\config\database.php on line 1
[12-Oct-2025 21:58:32 Asia/Riyadh] PHP Fatal error:  Allowed memory size of 536870912 bytes exhausted (tried to allocate 32768 bytes) in C:\xampp\htdocs\ContractSama\config\database.php on line 1
[12-Oct-2025 21:59:09 Asia/Riyadh] PHP Fatal error:  Allowed memory size of 536870912 bytes exhausted (tried to allocate 32768 bytes) in C:\xampp\htdocs\ContractSama\config\database.php on line 1
[12-Oct-2025 21:59:51 Asia/Riyadh] PHP Fatal error:  Allowed memory size of 536870912 bytes exhausted (tried to allocate 32768 bytes) in C:\xampp\htdocs\ContractSama\config\database.php on line 1
[12-Oct-2025 22:28:13 Asia/Riyadh] PHP Fatal error:  Allowed memory size of 536870912 bytes exhausted (tried to allocate 32768 bytes) in C:\xampp\htdocs\ContractSama\config\database.php on line 1
[12-Oct-2025 22:41:41 Asia/Riyadh] PHP Fatal error:  Allowed memory size of 536870912 bytes exhausted (tried to allocate 32768 bytes) in C:\xampp\htdocs\ContractSama\config\database.php on line 1
[12-Oct-2025 22:44:51 Asia/Riyadh] PHP Fatal error:  Cannot redeclare getDatabaseConnection() (previously declared in C:\xampp\htdocs\ContractSama\app\Helpers\GlobalFunctions.php:105) in C:\xampp\htdocs\ContractSama\config\database.php on line 48
[12-Oct-2025 22:44:57 Asia/Riyadh] PHP Fatal error:  Cannot redeclare getDatabaseConnection() (previously declared in C:\xampp\htdocs\ContractSama\app\Helpers\GlobalFunctions.php:105) in C:\xampp\htdocs\ContractSama\config\database.php on line 48
[12-Oct-2025 22:47:47 Asia/Riyadh] PHP Fatal error:  Cannot redeclare getDatabaseConnection() (previously declared in C:\xampp\htdocs\ContractSama\app\Helpers\GlobalFunctions.php:105) in C:\xampp\htdocs\ContractSama\config\database.php on line 48
[12-Oct-2025 22:48:16 Asia/Riyadh] PHP Fatal error:  Cannot redeclare getDatabaseConnection() (previously declared in C:\xampp\htdocs\ContractSama\app\Helpers\GlobalFunctions.php:105) in C:\xampp\htdocs\ContractSama\config\database.php on line 48
[12-Oct-2025 22:49:04 Asia/Riyadh] PHP Fatal error:  Cannot redeclare getDatabaseConnection() (previously declared in C:\xampp\htdocs\ContractSama\app\Helpers\GlobalFunctions.php:105) in C:\xampp\htdocs\ContractSama\config\database.php on line 48
[12-Oct-2025 22:51:25 Asia/Riyadh] PHP Fatal error:  Cannot redeclare getDatabaseConnection() (previously declared in C:\xampp\htdocs\ContractSama\app\Helpers\GlobalFunctions.php:105) in C:\xampp\htdocs\ContractSama\config\database.php on line 48
[12-Oct-2025 23:06:20 Asia/Riyadh] PHP Fatal error:  Allowed memory size of 536870912 bytes exhausted (tried to allocate 65536 bytes) in C:\xampp\htdocs\ContractSama\config\database.php on line 84
[12-Oct-2025 23:08:43 Asia/Riyadh] PHP Fatal error:  Allowed memory size of 536870912 bytes exhausted (tried to allocate 65536 bytes) in C:\xampp\htdocs\ContractSama\config\database.php on line 84
[12-Oct-2025 23:08:52 Asia/Riyadh] PHP Fatal error:  Allowed memory size of 536870912 bytes exhausted (tried to allocate 65536 bytes) in C:\xampp\htdocs\ContractSama\config\database.php on line 84
[12-Oct-2025 23:09:17 Asia/Riyadh] PHP Fatal error:  Allowed memory size of 536870912 bytes exhausted (tried to allocate 20480 bytes) in C:\xampp\htdocs\ContractSama\config\database.php on line 123
[12-Oct-2025 23:09:30 Asia/Riyadh] PHP Fatal error:  Allowed memory size of 536870912 bytes exhausted (tried to allocate 65536 bytes) in C:\xampp\htdocs\ContractSama\config\database.php on line 84
[12-Oct-2025 23:17:53 Asia/Riyadh] PHP Fatal error:  Allowed memory size of 536870912 bytes exhausted (tried to allocate 65536 bytes) in C:\xampp\htdocs\ContractSama\config\database.php on line 84
[12-Oct-2025 23:17:56 Asia/Riyadh] PHP Fatal error:  Allowed memory size of 536870912 bytes exhausted (tried to allocate 65536 bytes) in C:\xampp\htdocs\ContractSama\config\database.php on line 84
[12-Oct-2025 23:18:43 Asia/Riyadh] PHP Fatal error:  Allowed memory size of 536870912 bytes exhausted (tried to allocate 65536 bytes) in C:\xampp\htdocs\ContractSama\config\database.php on line 84
[12-Oct-2025 23:25:37 Asia/Riyadh] PHP Fatal error:  Allowed memory size of 536870912 bytes exhausted (tried to allocate 65536 bytes) in C:\xampp\htdocs\ContractSama\config\database.php on line 84
[12-Oct-2025 23:36:06 Asia/Riyadh] PHP Fatal error:  Allowed memory size of 536870912 bytes exhausted (tried to allocate 65536 bytes) in C:\xampp\htdocs\ContractSama\config\database.php on line 84
[12-Oct-2025 23:49:12 Asia/Riyadh] PHP Fatal error:  Allowed memory size of 536870912 bytes exhausted (tried to allocate 65536 bytes) in C:\xampp\htdocs\ContractSama\config\database.php on line 84
[13-Oct-2025 15:29:14 Asia/Riyadh] PHP Fatal error:  Allowed memory size of 536870912 bytes exhausted (tried to allocate 65536 bytes) in C:\xampp\htdocs\ContractSama\config\database.php on line 84
[13-Oct-2025 15:33:04 Asia/Riyadh] PHP Fatal error:  Allowed memory size of 536870912 bytes exhausted (tried to allocate 65536 bytes) in C:\xampp\htdocs\ContractSama\config\database.php on line 84
[13-Oct-2025 15:35:53 Asia/Riyadh] PHP Fatal error:  Allowed memory size of 536870912 bytes exhausted (tried to allocate 20480 bytes) in C:\xampp\htdocs\ContractSama\config\database.php on line 129
[13-Oct-2025 15:37:25 Asia/Riyadh] mem=583528
[13-Oct-2025 15:37:25 Asia/Riyadh] mem=627368
[13-Oct-2025 15:37:25 Asia/Riyadh] mem=638528
[13-Oct-2025 15:37:25 Asia/Riyadh] mem=650064
[13-Oct-2025 15:37:25 Asia/Riyadh] mem=661600
[13-Oct-2025 15:37:25 Asia/Riyadh] mem=673136
[13-Oct-2025 15:37:25 Asia/Riyadh] mem=684672
[13-Oct-2025 15:37:25 Asia/Riyadh] mem=696208
[13-Oct-2025 15:37:25 Asia/Riyadh] mem=707744
[13-Oct-2025 15:37:25 Asia/Riyadh] mem=719280
[13-Oct-2025 15:37:25 Asia/Riyadh] mem=730816
[13-Oct-2025 15:37:25 Asia/Riyadh] mem=758736
[13-Oct-2025 15:37:25 Asia/Riyadh] mem=770272
[13-Oct-2025 15:37:25 Asia/Riyadh] mem=781808
[13-Oct-2025 15:37:25 Asia/Riyadh] mem=793344
[13-Oct-2025 15:37:25 Asia/Riyadh] mem=804880
[13-Oct-2025 15:37:25 Asia/Riyadh] mem=832800
[13-Oct-2025 15:37:25 Asia/Riyadh] mem=844336
[13-Oct-2025 15:37:25 Asia/Riyadh] mem=855872
[13-Oct-2025 15:37:25 Asia/Riyadh] mem=883792
[13-Oct-2025 15:37:25 Asia/Riyadh] mem=895328
[13-Oct-2025 15:37:25 Asia/Riyadh] mem=906864
[13-Oct-2025 15:37:25 Asia/Riyadh] mem=934784
[13-Oct-2025 15:37:25 Asia/Riyadh] mem=946320
[13-Oct-2025 15:37:25 Asia/Riyadh] mem=974240
[13-Oct-2025 15:37:25 Asia/Riyadh] mem=1051312
[13-Oct-2025 15:37:25 Asia/Riyadh] mem=1062848
[13-Oct-2025 15:37:25 Asia/Riyadh] mem=1090768
[13-Oct-2025 15:37:25 Asia/Riyadh] mem=1102304
[13-Oct-2025 15:37:25 Asia/Riyadh] mem=1130224
[13-Oct-2025 15:37:25 Asia/Riyadh] mem=1158144
[13-Oct-2025 15:37:25 Asia/Riyadh] mem=1169680
[13-Oct-2025 15:37:25 Asia/Riyadh] mem=1197600
[13-Oct-2025 15:37:25 Asia/Riyadh] mem=1209136
[13-Oct-2025 15:37:25 Asia/Riyadh] mem=1237056
[13-Oct-2025 15:37:25 Asia/Riyadh] mem=1248592
[13-Oct-2025 15:37:25 Asia/Riyadh] mem=1276512
[13-Oct-2025 15:37:25 Asia/Riyadh] mem=1304432
[13-Oct-2025 15:37:25 Asia/Riyadh] mem=1315968
[13-Oct-2025 15:37:25 Asia/Riyadh] mem=1343888
[13-Oct-2025 15:37:25 Asia/Riyadh] mem=1371808
[13-Oct-2025 15:37:25 Asia/Riyadh] mem=1399728
[13-Oct-2025 15:37:25 Asia/Riyadh] mem=1411264
[13-Oct-2025 15:37:25 Asia/Riyadh] mem=1439184
[13-Oct-2025 15:37:25 Asia/Riyadh] mem=1467104
[13-Oct-2025 15:37:25 Asia/Riyadh] mem=1495024
[13-Oct-2025 15:37:25 Asia/Riyadh] mem=1506560
[13-Oct-2025 15:37:25 Asia/Riyadh] mem=1534480
[13-Oct-2025 15:37:25 Asia/Riyadh] mem=1562400
[13-Oct-2025 15:37:25 Asia/Riyadh] mem=1590320
[13-Oct-2025 15:37:25 Asia/Riyadh] mem=1618240
[13-Oct-2025 15:37:25 Asia/Riyadh] mem=1646160
[13-Oct-2025 15:37:25 Asia/Riyadh] mem=1674080
[13-Oct-2025 15:37:25 Asia/Riyadh] mem=1702000
[13-Oct-2025 15:37:25 Asia/Riyadh] mem=1729920
[13-Oct-2025 15:37:25 Asia/Riyadh] mem=1757840
[13-Oct-2025 15:37:25 Asia/Riyadh] mem=1785760
[13-Oct-2025 15:37:25 Asia/Riyadh] mem=1813680
[13-Oct-2025 15:37:25 Asia/Riyadh] mem=1841600
[13-Oct-2025 15:37:25 Asia/Riyadh] mem=1869520
[13-Oct-2025 15:37:25 Asia/Riyadh] mem=1897440
[13-Oct-2025 15:37:25 Asia/Riyadh] mem=1925360
[13-Oct-2025 15:37:25 Asia/Riyadh] mem=1953280
[13-Oct-2025 15:37:25 Asia/Riyadh] mem=1981200
[13-Oct-2025 15:37:25 Asia/Riyadh] mem=2009120
[13-Oct-2025 15:37:25 Asia/Riyadh] mem=2041136
[13-Oct-2025 15:37:25 Asia/Riyadh] mem=2073152
[13-Oct-2025 15:37:25 Asia/Riyadh] mem=2105168
[13-Oct-2025 15:37:25 Asia/Riyadh] mem=2137184
[13-Oct-2025 15:37:25 Asia/Riyadh] mem=2234736
[13-Oct-2025 15:37:25 Asia/Riyadh] mem=2266752
[13-Oct-2025 15:37:25 Asia/Riyadh] mem=2298768
[13-Oct-2025 15:37:25 Asia/Riyadh] mem=2330784
[13-Oct-2025 15:37:25 Asia/Riyadh] mem=2362800
[13-Oct-2025 15:37:25 Asia/Riyadh] mem=2398912
[13-Oct-2025 15:37:25 Asia/Riyadh] mem=2430928
[13-Oct-2025 15:37:25 Asia/Riyadh] mem=2467040
[13-Oct-2025 15:37:25 Asia/Riyadh] mem=2499056
[13-Oct-2025 15:37:25 Asia/Riyadh] mem=2535168
[13-Oct-2025 15:37:25 Asia/Riyadh] mem=2567184
[13-Oct-2025 15:37:25 Asia/Riyadh] mem=2603296
[13-Oct-2025 15:37:25 Asia/Riyadh] mem=2639408
[13-Oct-2025 15:37:25 Asia/Riyadh] mem=2675520
[13-Oct-2025 15:37:25 Asia/Riyadh] mem=2711632
[13-Oct-2025 15:37:25 Asia/Riyadh] mem=2747744
[13-Oct-2025 15:37:25 Asia/Riyadh] mem=2783856
[13-Oct-2025 15:37:25 Asia/Riyadh] mem=2824064
[13-Oct-2025 15:37:25 Asia/Riyadh] mem=2860176
[13-Oct-2025 15:37:25 Asia/Riyadh] mem=2896288
[13-Oct-2025 15:37:25 Asia/Riyadh] mem=2936496
[13-Oct-2025 15:37:25 Asia/Riyadh] mem=2972608
[13-Oct-2025 15:37:25 Asia/Riyadh] mem=3012816
[13-Oct-2025 15:37:25 Asia/Riyadh] mem=3053024
[13-Oct-2025 15:37:25 Asia/Riyadh] mem=3089136
[13-Oct-2025 15:37:25 Asia/Riyadh] mem=3129344
[13-Oct-2025 15:37:25 Asia/Riyadh] mem=3169552
[13-Oct-2025 15:37:25 Asia/Riyadh] mem=3209760
[13-Oct-2025 15:37:25 Asia/Riyadh] mem=3249968
[13-Oct-2025 15:37:25 Asia/Riyadh] mem=3290176
[13-Oct-2025 15:37:25 Asia/Riyadh] mem=3330384
[13-Oct-2025 15:37:25 Asia/Riyadh] mem=3374688
[13-Oct-2025 15:37:25 Asia/Riyadh] mem=3414896
[13-Oct-2025 15:37:25 Asia/Riyadh] mem=3455104
[13-Oct-2025 15:37:25 Asia/Riyadh] mem=3499408
[13-Oct-2025 15:37:25 Asia/Riyadh] mem=3539616
[13-Oct-2025 15:37:25 Asia/Riyadh] mem=3583920
[13-Oct-2025 15:37:25 Asia/Riyadh] mem=3628224
[13-Oct-2025 15:37:25 Asia/Riyadh] mem=3672528
[13-Oct-2025 15:37:25 Asia/Riyadh] mem=3712736
[13-Oct-2025 15:37:25 Asia/Riyadh] mem=3757040
[13-Oct-2025 15:37:25 Asia/Riyadh] mem=3801344
[13-Oct-2025 15:37:25 Asia/Riyadh] mem=3845648
[13-Oct-2025 15:37:25 Asia/Riyadh] mem=3894048
[13-Oct-2025 15:37:25 Asia/Riyadh] mem=4003888
[13-Oct-2025 15:37:25 Asia/Riyadh] mem=4048192
[13-Oct-2025 15:37:25 Asia/Riyadh] mem=4092496
[13-Oct-2025 15:37:25 Asia/Riyadh] mem=4140896
[13-Oct-2025 15:37:25 Asia/Riyadh] mem=4185200
[13-Oct-2025 15:37:25 Asia/Riyadh] mem=4233600
[13-Oct-2025 15:37:25 Asia/Riyadh] mem=6362792
[13-Oct-2025 15:37:25 Asia/Riyadh] mem=6374328
[13-Oct-2025 15:37:25 Asia/Riyadh] mem=6385864
[13-Oct-2025 15:37:25 Asia/Riyadh] mem=6397400
[13-Oct-2025 15:37:25 Asia/Riyadh] mem=6408936
[13-Oct-2025 15:37:25 Asia/Riyadh] mem=6420472
[13-Oct-2025 15:37:25 Asia/Riyadh] mem=6432008
[13-Oct-2025 15:37:25 Asia/Riyadh] mem=6443544
[13-Oct-2025 15:37:25 Asia/Riyadh] mem=6455080
[13-Oct-2025 15:37:25 Asia/Riyadh] mem=6466616
[13-Oct-2025 15:37:25 Asia/Riyadh] mem=6478152
[13-Oct-2025 15:37:25 Asia/Riyadh] mem=6489688
[13-Oct-2025 15:37:25 Asia/Riyadh] mem=6501224
[13-Oct-2025 15:37:25 Asia/Riyadh] mem=6512760
[13-Oct-2025 15:37:25 Asia/Riyadh] mem=6524296
[13-Oct-2025 15:37:25 Asia/Riyadh] mem=6535832
[13-Oct-2025 15:37:25 Asia/Riyadh] mem=6547368
[13-Oct-2025 15:37:25 Asia/Riyadh] mem=6558904
[13-Oct-2025 15:37:25 Asia/Riyadh] mem=6570440
[13-Oct-2025 15:37:25 Asia/Riyadh] mem=6581976
[13-Oct-2025 15:37:25 Asia/Riyadh] mem=6593512
[13-Oct-2025 15:37:25 Asia/Riyadh] mem=6605048
[13-Oct-2025 15:37:25 Asia/Riyadh] mem=6616584
[13-Oct-2025 15:37:25 Asia/Riyadh] mem=6628120
[13-Oct-2025 15:37:25 Asia/Riyadh] mem=6639656
[13-Oct-2025 15:37:25 Asia/Riyadh] mem=6651192
[13-Oct-2025 15:37:25 Asia/Riyadh] mem=6662728
[13-Oct-2025 15:37:25 Asia/Riyadh] mem=6674264
[13-Oct-2025 15:37:25 Asia/Riyadh] mem=6685800
[13-Oct-2025 15:37:25 Asia/Riyadh] mem=6697336
[13-Oct-2025 15:37:25 Asia/Riyadh] mem=6708872
[13-Oct-2025 15:37:25 Asia/Riyadh] mem=6720408
[13-Oct-2025 15:37:25 Asia/Riyadh] mem=6731944
[13-Oct-2025 15:37:25 Asia/Riyadh] mem=6743480
[13-Oct-2025 15:37:25 Asia/Riyadh] mem=6755016
[13-Oct-2025 15:37:25 Asia/Riyadh] mem=6766552
[13-Oct-2025 15:37:25 Asia/Riyadh] mem=6778088
[13-Oct-2025 15:37:25 Asia/Riyadh] mem=6789624
[13-Oct-2025 15:37:25 Asia/Riyadh] mem=6866696
[13-Oct-2025 15:37:25 Asia/Riyadh] mem=6878232
[13-Oct-2025 15:37:25 Asia/Riyadh] mem=6889768
[13-Oct-2025 15:37:25 Asia/Riyadh] mem=6901304
[13-Oct-2025 15:37:25 Asia/Riyadh] mem=6912840
[13-Oct-2025 15:37:25 Asia/Riyadh] mem=6924376
[13-Oct-2025 15:37:25 Asia/Riyadh] mem=7198056
[13-Oct-2025 15:37:25 Asia/Riyadh] mem=7209592
[13-Oct-2025 15:37:25 Asia/Riyadh] mem=7221128
[13-Oct-2025 15:37:25 Asia/Riyadh] mem=7232664
[13-Oct-2025 15:37:25 Asia/Riyadh] mem=7244200
[13-Oct-2025 15:37:25 Asia/Riyadh] mem=9352888
[13-Oct-2025 15:37:25 Asia/Riyadh] mem=9364424
[13-Oct-2025 15:37:25 Asia/Riyadh] mem=9375960
[13-Oct-2025 15:37:25 Asia/Riyadh] mem=9387496
[13-Oct-2025 15:37:25 Asia/Riyadh] mem=9399032
[13-Oct-2025 15:37:25 Asia/Riyadh] mem=9410568
[13-Oct-2025 15:37:25 Asia/Riyadh] mem=9422104
[13-Oct-2025 15:37:25 Asia/Riyadh] mem=9433640
[13-Oct-2025 15:37:25 Asia/Riyadh] mem=9445176
[13-Oct-2025 15:37:25 Asia/Riyadh] mem=9456712
[13-Oct-2025 15:37:25 Asia/Riyadh] mem=9468248
[13-Oct-2025 15:37:25 Asia/Riyadh] mem=9479784
[13-Oct-2025 15:37:25 Asia/Riyadh] mem=9491320
[13-Oct-2025 15:37:25 Asia/Riyadh] mem=9502856
[13-Oct-2025 15:37:25 Asia/Riyadh] mem=9514392
[13-Oct-2025 15:37:25 Asia/Riyadh] mem=9525928
[13-Oct-2025 15:37:25 Asia/Riyadh] mem=9537464
[13-Oct-2025 15:37:25 Asia/Riyadh] mem=9549000
[13-Oct-2025 15:37:25 Asia/Riyadh] mem=9560536
[13-Oct-2025 15:37:25 Asia/Riyadh] mem=9572072
[13-Oct-2025 15:37:25 Asia/Riyadh] mem=9583608
[13-Oct-2025 15:37:25 Asia/Riyadh] mem=9595144
[13-Oct-2025 15:37:25 Asia/Riyadh] mem=9606680
[13-Oct-2025 15:37:25 Asia/Riyadh] mem=9618216
[13-Oct-2025 15:37:25 Asia/Riyadh] mem=9629752
[13-Oct-2025 15:37:25 Asia/Riyadh] mem=9641288
[13-Oct-2025 15:37:25 Asia/Riyadh] mem=9652824
[13-Oct-2025 15:37:25 Asia/Riyadh] mem=9664360
[13-Oct-2025 15:37:25 Asia/Riyadh] mem=9675896
[13-Oct-2025 15:37:25 Asia/Riyadh] mem=9687432
[13-Oct-2025 15:37:25 Asia/Riyadh] mem=9698968
[13-Oct-2025 15:37:25 Asia/Riyadh] mem=9710504
[13-Oct-2025 15:37:25 Asia/Riyadh] mem=9722040
[13-Oct-2025 15:37:25 Asia/Riyadh] mem=9799112
[13-Oct-2025 15:37:25 Asia/Riyadh] mem=9810648
[13-Oct-2025 15:37:25 Asia/Riyadh] mem=9822184
[13-Oct-2025 15:37:25 Asia/Riyadh] mem=9833720
[13-Oct-2025 15:37:25 Asia/Riyadh] mem=9845256
[13-Oct-2025 15:37:25 Asia/Riyadh] mem=11953944
[13-Oct-2025 15:37:25 Asia/Riyadh] mem=11965480
[13-Oct-2025 15:37:25 Asia/Riyadh] mem=11977016
[13-Oct-2025 15:37:25 Asia/Riyadh] mem=11988552
[13-Oct-2025 15:37:25 Asia/Riyadh] mem=12000088
[13-Oct-2025 15:37:25 Asia/Riyadh] mem=12011624
[13-Oct-2025 15:37:25 Asia/Riyadh] mem=12023160
[13-Oct-2025 15:37:25 Asia/Riyadh] mem=12034696
[13-Oct-2025 15:37:25 Asia/Riyadh] mem=12046232
[13-Oct-2025 15:37:25 Asia/Riyadh] mem=12057768
[13-Oct-2025 15:37:25 Asia/Riyadh] mem=12069304
[13-Oct-2025 15:37:25 Asia/Riyadh] mem=12080840
[13-Oct-2025 15:37:25 Asia/Riyadh] mem=12092376
[13-Oct-2025 15:37:25 Asia/Riyadh] mem=12103912
[13-Oct-2025 15:37:25 Asia/Riyadh] mem=12115448
[13-Oct-2025 15:37:25 Asia/Riyadh] mem=12126984
[13-Oct-2025 15:37:25 Asia/Riyadh] mem=12138520
[13-Oct-2025 15:37:25 Asia/Riyadh] mem=12150056
[13-Oct-2025 15:37:25 Asia/Riyadh] mem=12161592
[13-Oct-2025 15:37:25 Asia/Riyadh] mem=12173128
[13-Oct-2025 15:37:25 Asia/Riyadh] mem=12184664
[13-Oct-2025 15:37:25 Asia/Riyadh] mem=12196200
[13-Oct-2025 15:37:25 Asia/Riyadh] mem=12207736
[13-Oct-2025 15:37:25 Asia/Riyadh] mem=12219272
[13-Oct-2025 15:37:25 Asia/Riyadh] mem=12230808
[13-Oct-2025 15:37:25 Asia/Riyadh] mem=12242344
[13-Oct-2025 15:37:25 Asia/Riyadh] mem=12253880
[13-Oct-2025 15:37:25 Asia/Riyadh] mem=12265416
[13-Oct-2025 15:37:25 Asia/Riyadh] mem=12276952
[13-Oct-2025 15:37:25 Asia/Riyadh] mem=12288488
[13-Oct-2025 15:37:25 Asia/Riyadh] mem=12300024
[13-Oct-2025 15:37:25 Asia/Riyadh] mem=14408712
[13-Oct-2025 15:37:25 Asia/Riyadh] mem=14420248
[13-Oct-2025 15:37:25 Asia/Riyadh] mem=14431784
[13-Oct-2025 15:37:25 Asia/Riyadh] mem=14443320
[13-Oct-2025 15:37:25 Asia/Riyadh] mem=14454856
[13-Oct-2025 15:37:25 Asia/Riyadh] mem=14466392
[13-Oct-2025 15:37:25 Asia/Riyadh] mem=14477928
[13-Oct-2025 15:37:25 Asia/Riyadh] mem=14489464
[13-Oct-2025 15:37:25 Asia/Riyadh] mem=14566536
[13-Oct-2025 15:37:25 Asia/Riyadh] mem=14578072
[13-Oct-2025 15:37:25 Asia/Riyadh] mem=14589608
[13-Oct-2025 15:37:25 Asia/Riyadh] mem=14601144
[13-Oct-2025 15:37:25 Asia/Riyadh] mem=14612680
[13-Oct-2025 15:37:25 Asia/Riyadh] mem=14624216
[13-Oct-2025 15:37:25 Asia/Riyadh] mem=14635752
[13-Oct-2025 15:37:25 Asia/Riyadh] mem=14647288
[13-Oct-2025 15:37:25 Asia/Riyadh] mem=14658824
[13-Oct-2025 15:37:25 Asia/Riyadh] mem=14670360
[13-Oct-2025 15:37:25 Asia/Riyadh] mem=14681896
[13-Oct-2025 15:37:25 Asia/Riyadh] mem=14693432
[13-Oct-2025 15:37:25 Asia/Riyadh] mem=14704968
[13-Oct-2025 15:37:25 Asia/Riyadh] mem=14716504
[13-Oct-2025 15:37:25 Asia/Riyadh] mem=14728040
[13-Oct-2025 15:37:25 Asia/Riyadh] mem=14739576
[13-Oct-2025 15:37:25 Asia/Riyadh] mem=14751112
[13-Oct-2025 15:37:25 Asia/Riyadh] mem=14762648
[13-Oct-2025 15:37:25 Asia/Riyadh] mem=14774184
[13-Oct-2025 15:37:25 Asia/Riyadh] mem=14785720
[13-Oct-2025 15:37:25 Asia/Riyadh] mem=16894408
[13-Oct-2025 15:37:25 Asia/Riyadh] mem=16905944
[13-Oct-2025 15:37:25 Asia/Riyadh] mem=16917480
[13-Oct-2025 15:37:25 Asia/Riyadh] mem=16929016
[13-Oct-2025 15:37:25 Asia/Riyadh] mem=16940552
[13-Oct-2025 15:37:25 Asia/Riyadh] mem=16952088
[13-Oct-2025 15:37:25 Asia/Riyadh] mem=16963624
[13-Oct-2025 15:37:25 Asia/Riyadh] mem=16975160
[13-Oct-2025 15:37:25 Asia/Riyadh] mem=16986696
[13-Oct-2025 15:37:25 Asia/Riyadh] mem=16998232
[13-Oct-2025 15:37:25 Asia/Riyadh] mem=17009768
[13-Oct-2025 15:37:25 Asia/Riyadh] mem=17021304
[13-Oct-2025 15:37:25 Asia/Riyadh] mem=17032840
[13-Oct-2025 15:37:25 Asia/Riyadh] mem=17044376
[13-Oct-2025 15:37:25 Asia/Riyadh] mem=17055912
[13-Oct-2025 15:37:25 Asia/Riyadh] mem=17067448
[13-Oct-2025 15:37:25 Asia/Riyadh] mem=17078984
[13-Oct-2025 15:37:25 Asia/Riyadh] mem=17090520
[13-Oct-2025 15:37:25 Asia/Riyadh] mem=17102056
[13-Oct-2025 15:37:25 Asia/Riyadh] mem=17113592
[13-Oct-2025 15:37:25 Asia/Riyadh] mem=17125128
[13-Oct-2025 15:37:25 Asia/Riyadh] mem=17136664
[13-Oct-2025 15:37:25 Asia/Riyadh] mem=17148200
[13-Oct-2025 15:37:25 Asia/Riyadh] mem=17159736
[13-Oct-2025 15:37:25 Asia/Riyadh] mem=17236808
[13-Oct-2025 15:37:25 Asia/Riyadh] mem=19345496
[13-Oct-2025 15:37:25 Asia/Riyadh] mem=19357032
[13-Oct-2025 15:37:25 Asia/Riyadh] mem=19368568
[13-Oct-2025 15:37:25 Asia/Riyadh] mem=19380104
[13-Oct-2025 15:37:25 Asia/Riyadh] mem=19391640
[13-Oct-2025 15:37:25 Asia/Riyadh] mem=19403176
[13-Oct-2025 15:37:25 Asia/Riyadh] mem=19414712
[13-Oct-2025 15:37:25 Asia/Riyadh] mem=19426248
[13-Oct-2025 15:37:25 Asia/Riyadh] mem=19437784
[13-Oct-2025 15:37:25 Asia/Riyadh] mem=19449320
[13-Oct-2025 15:37:25 Asia/Riyadh] mem=19460856
[13-Oct-2025 15:37:25 Asia/Riyadh] mem=19472392
[13-Oct-2025 15:37:25 Asia/Riyadh] mem=19483928
[13-Oct-2025 15:37:25 Asia/Riyadh] mem=19495464
[13-Oct-2025 15:37:25 Asia/Riyadh] mem=19507000
[13-Oct-2025 15:37:25 Asia/Riyadh] mem=19518536
[13-Oct-2025 15:37:25 Asia/Riyadh] mem=19530072
[13-Oct-2025 15:37:25 Asia/Riyadh] mem=19541608
[13-Oct-2025 15:37:25 Asia/Riyadh] mem=19553144
[13-Oct-2025 15:37:25 Asia/Riyadh] mem=19564680
[13-Oct-2025 15:37:25 Asia/Riyadh] mem=19576216
[13-Oct-2025 15:37:25 Asia/Riyadh] mem=19587752
[13-Oct-2025 15:37:25 Asia/Riyadh] mem=19599288
[13-Oct-2025 15:37:25 Asia/Riyadh] mem=21707976
[13-Oct-2025 15:37:25 Asia/Riyadh] mem=21719512
[13-Oct-2025 15:37:25 Asia/Riyadh] mem=21731048
[13-Oct-2025 15:37:25 Asia/Riyadh] mem=21742584
[13-Oct-2025 15:37:25 Asia/Riyadh] mem=21754120
[13-Oct-2025 15:37:25 Asia/Riyadh] mem=21765656
[13-Oct-2025 15:37:25 Asia/Riyadh] mem=21777192
[13-Oct-2025 15:37:25 Asia/Riyadh] mem=21788728
[13-Oct-2025 15:37:25 Asia/Riyadh] mem=21800264
[13-Oct-2025 15:37:25 Asia/Riyadh] mem=21811800
[13-Oct-2025 15:37:25 Asia/Riyadh] mem=21823336
[13-Oct-2025 15:37:25 Asia/Riyadh] mem=21834872
[13-Oct-2025 15:37:25 Asia/Riyadh] mem=21846408
[13-Oct-2025 15:37:25 Asia/Riyadh] mem=21857944
[13-Oct-2025 15:37:25 Asia/Riyadh] mem=22131624
[13-Oct-2025 15:37:25 Asia/Riyadh] mem=22143160
[13-Oct-2025 15:37:25 Asia/Riyadh] mem=22154696
[13-Oct-2025 15:37:25 Asia/Riyadh] mem=22166232
[13-Oct-2025 15:37:25 Asia/Riyadh] mem=22177768
[13-Oct-2025 15:37:25 Asia/Riyadh] mem=22189304
[13-Oct-2025 15:37:25 Asia/Riyadh] mem=22266376
[13-Oct-2025 15:37:25 Asia/Riyadh] mem=22277912
[13-Oct-2025 15:37:25 Asia/Riyadh] mem=24386600
[13-Oct-2025 15:37:25 Asia/Riyadh] mem=24398136
[13-Oct-2025 15:37:25 Asia/Riyadh] mem=24409672
[13-Oct-2025 15:37:25 Asia/Riyadh] mem=24421208
[13-Oct-2025 15:37:25 Asia/Riyadh] mem=24432744
[13-Oct-2025 15:37:25 Asia/Riyadh] mem=24444280
[13-Oct-2025 15:37:25 Asia/Riyadh] mem=24455816
[13-Oct-2025 15:37:25 Asia/Riyadh] mem=24467352
[13-Oct-2025 15:37:25 Asia/Riyadh] mem=24478888
[13-Oct-2025 15:37:25 Asia/Riyadh] mem=24490424
[13-Oct-2025 15:37:25 Asia/Riyadh] mem=24501960
[13-Oct-2025 15:37:25 Asia/Riyadh] mem=24513496
[13-Oct-2025 15:37:25 Asia/Riyadh] mem=24525032
[13-Oct-2025 15:37:25 Asia/Riyadh] mem=24536568
[13-Oct-2025 15:37:25 Asia/Riyadh] mem=24548104
[13-Oct-2025 15:37:25 Asia/Riyadh] mem=24559640
[13-Oct-2025 15:37:25 Asia/Riyadh] mem=24571176
[13-Oct-2025 15:37:25 Asia/Riyadh] mem=24582712
[13-Oct-2025 15:37:25 Asia/Riyadh] mem=24594248
[13-Oct-2025 15:37:25 Asia/Riyadh] mem=24605784
[13-Oct-2025 15:37:25 Asia/Riyadh] mem=26714472
[13-Oct-2025 15:37:25 Asia/Riyadh] mem=26726008
[13-Oct-2025 15:37:25 Asia/Riyadh] mem=26737544
[13-Oct-2025 15:37:25 Asia/Riyadh] mem=26749080
[13-Oct-2025 15:37:25 Asia/Riyadh] mem=26760616
[13-Oct-2025 15:37:25 Asia/Riyadh] mem=26772152
[13-Oct-2025 15:37:25 Asia/Riyadh] mem=26783688
[13-Oct-2025 15:37:25 Asia/Riyadh] mem=26795224
[13-Oct-2025 15:37:25 Asia/Riyadh] mem=26806760
[13-Oct-2025 15:37:25 Asia/Riyadh] mem=26818296
[13-Oct-2025 15:37:25 Asia/Riyadh] mem=26829832
[13-Oct-2025 15:37:25 Asia/Riyadh] mem=26841368
[13-Oct-2025 15:37:25 Asia/Riyadh] mem=26852904
[13-Oct-2025 15:37:25 Asia/Riyadh] mem=26864440
[13-Oct-2025 15:37:25 Asia/Riyadh] mem=26875976
[13-Oct-2025 15:37:25 Asia/Riyadh] mem=26887512
[13-Oct-2025 15:37:25 Asia/Riyadh] mem=26899048
[13-Oct-2025 15:37:25 Asia/Riyadh] mem=26910584
[13-Oct-2025 15:37:25 Asia/Riyadh] mem=26922120
[13-Oct-2025 15:37:25 Asia/Riyadh] mem=29030808
[13-Oct-2025 15:37:25 Asia/Riyadh] mem=29042344
[13-Oct-2025 15:37:25 Asia/Riyadh] mem=29053880
[13-Oct-2025 15:37:25 Asia/Riyadh] mem=29130952
[13-Oct-2025 15:37:25 Asia/Riyadh] mem=29142488
[13-Oct-2025 15:37:25 Asia/Riyadh] mem=29154024
[13-Oct-2025 15:37:25 Asia/Riyadh] mem=29165560
[13-Oct-2025 15:37:25 Asia/Riyadh] mem=29177096
[13-Oct-2025 15:37:25 Asia/Riyadh] mem=29188632
[13-Oct-2025 15:37:25 Asia/Riyadh] mem=29200168
[13-Oct-2025 15:37:25 Asia/Riyadh] mem=29211704
[13-Oct-2025 15:37:25 Asia/Riyadh] mem=29223240
[13-Oct-2025 15:37:25 Asia/Riyadh] mem=29234776
[13-Oct-2025 15:37:25 Asia/Riyadh] mem=29246312
[13-Oct-2025 15:37:25 Asia/Riyadh] mem=29257848
[13-Oct-2025 15:37:25 Asia/Riyadh] mem=29269384
[13-Oct-2025 15:37:25 Asia/Riyadh] mem=29280920
[13-Oct-2025 15:37:25 Asia/Riyadh] mem=29292456
[13-Oct-2025 15:37:25 Asia/Riyadh] mem=29303992
[13-Oct-2025 15:37:25 Asia/Riyadh] mem=31412680
[13-Oct-2025 15:37:25 Asia/Riyadh] mem=31424216
[13-Oct-2025 15:37:25 Asia/Riyadh] mem=31435752
[13-Oct-2025 15:37:25 Asia/Riyadh] mem=31447288
[13-Oct-2025 15:37:25 Asia/Riyadh] mem=31458824
[13-Oct-2025 15:37:25 Asia/Riyadh] mem=31470360
[13-Oct-2025 15:37:25 Asia/Riyadh] mem=31481896
[13-Oct-2025 15:37:25 Asia/Riyadh] mem=31493432
[13-Oct-2025 15:37:25 Asia/Riyadh] mem=31504968
[13-Oct-2025 15:37:25 Asia/Riyadh] mem=31516504
[13-Oct-2025 15:37:25 Asia/Riyadh] mem=31528040
[13-Oct-2025 15:37:25 Asia/Riyadh] mem=31539576
[13-Oct-2025 15:37:25 Asia/Riyadh] mem=31551112
[13-Oct-2025 15:37:25 Asia/Riyadh] mem=31562648
[13-Oct-2025 15:37:25 Asia/Riyadh] mem=31574184
[13-Oct-2025 15:37:25 Asia/Riyadh] mem=31585720
[13-Oct-2025 15:37:25 Asia/Riyadh] mem=31597256
[13-Oct-2025 15:37:25 Asia/Riyadh] mem=33705944
[13-Oct-2025 15:37:25 Asia/Riyadh] mem=33717480
[13-Oct-2025 15:37:25 Asia/Riyadh] mem=33729016
[13-Oct-2025 15:37:25 Asia/Riyadh] mem=33740552
[13-Oct-2025 15:37:25 Asia/Riyadh] mem=33752088
[13-Oct-2025 15:37:25 Asia/Riyadh] mem=33763624
[13-Oct-2025 15:37:25 Asia/Riyadh] mem=33775160
[13-Oct-2025 15:37:25 Asia/Riyadh] mem=33786696
[13-Oct-2025 15:37:25 Asia/Riyadh] mem=33798232
[13-Oct-2025 15:37:25 Asia/Riyadh] mem=33809768
[13-Oct-2025 15:37:25 Asia/Riyadh] mem=33821304
[13-Oct-2025 15:37:25 Asia/Riyadh] mem=33898376
[13-Oct-2025 15:37:25 Asia/Riyadh] mem=33909912
[13-Oct-2025 15:37:25 Asia/Riyadh] mem=33921448
[13-Oct-2025 15:37:25 Asia/Riyadh] mem=33932984
[13-Oct-2025 15:37:25 Asia/Riyadh] mem=33944520
[13-Oct-2025 15:37:25 Asia/Riyadh] mem=33956056
[13-Oct-2025 15:37:25 Asia/Riyadh] mem=36064744
[13-Oct-2025 15:37:25 Asia/Riyadh] mem=36076280
[13-Oct-2025 15:37:25 Asia/Riyadh] mem=36087816
[13-Oct-2025 15:37:25 Asia/Riyadh] mem=36099352
[13-Oct-2025 15:37:25 Asia/Riyadh] mem=36110888
[13-Oct-2025 15:37:25 Asia/Riyadh] mem=36122424
[13-Oct-2025 15:37:25 Asia/Riyadh] mem=36133960
[13-Oct-2025 15:37:25 Asia/Riyadh] mem=36145496
[13-Oct-2025 15:37:25 Asia/Riyadh] mem=36157032
[13-Oct-2025 15:37:25 Asia/Riyadh] mem=36168568
[13-Oct-2025 15:37:25 Asia/Riyadh] mem=36180104
[13-Oct-2025 15:37:25 Asia/Riyadh] mem=36191640
[13-Oct-2025 15:37:25 Asia/Riyadh] mem=36203176
[13-Oct-2025 15:37:25 Asia/Riyadh] mem=36214712
[13-Oct-2025 15:37:25 Asia/Riyadh] mem=36226248
[13-Oct-2025 15:37:25 Asia/Riyadh] mem=36237784
[13-Oct-2025 15:37:25 Asia/Riyadh] mem=38346472
[13-Oct-2025 15:37:25 Asia/Riyadh] mem=38358008
[13-Oct-2025 15:37:25 Asia/Riyadh] mem=38369544
[13-Oct-2025 15:37:25 Asia/Riyadh] mem=38381080
[13-Oct-2025 15:37:25 Asia/Riyadh] mem=38392616
[13-Oct-2025 15:37:25 Asia/Riyadh] mem=38404152
[13-Oct-2025 15:37:25 Asia/Riyadh] mem=38415688
[13-Oct-2025 15:37:25 Asia/Riyadh] mem=38427224
[13-Oct-2025 15:37:25 Asia/Riyadh] mem=38438760
[13-Oct-2025 15:37:25 Asia/Riyadh] mem=38450296
[13-Oct-2025 15:37:25 Asia/Riyadh] mem=38461832
[13-Oct-2025 15:37:25 Asia/Riyadh] mem=38473368
[13-Oct-2025 15:37:25 Asia/Riyadh] mem=38484904
[13-Oct-2025 15:37:25 Asia/Riyadh] mem=38496440
[13-Oct-2025 15:37:25 Asia/Riyadh] mem=38507976
[13-Oct-2025 15:37:25 Asia/Riyadh] mem=40616664
[13-Oct-2025 15:37:25 Asia/Riyadh] mem=40628200
[13-Oct-2025 15:37:25 Asia/Riyadh] mem=40639736
[13-Oct-2025 15:37:25 Asia/Riyadh] mem=40651272
[13-Oct-2025 15:37:25 Asia/Riyadh] mem=40662808
[13-Oct-2025 15:37:25 Asia/Riyadh] mem=40674344
[13-Oct-2025 15:37:25 Asia/Riyadh] mem=40685880
[13-Oct-2025 15:37:25 Asia/Riyadh] mem=40762952
[13-Oct-2025 15:37:25 Asia/Riyadh] mem=40774488
[13-Oct-2025 15:37:25 Asia/Riyadh] mem=40786024
[13-Oct-2025 15:37:25 Asia/Riyadh] mem=40797560
[13-Oct-2025 15:37:25 Asia/Riyadh] mem=40809096
[13-Oct-2025 15:37:25 Asia/Riyadh] mem=40820632
[13-Oct-2025 15:37:25 Asia/Riyadh] mem=40832168
[13-Oct-2025 15:37:25 Asia/Riyadh] mem=40843704
[13-Oct-2025 15:37:25 Asia/Riyadh] mem=42952392
[13-Oct-2025 15:37:25 Asia/Riyadh] mem=42963928
[13-Oct-2025 15:37:25 Asia/Riyadh] mem=42975464
[13-Oct-2025 15:37:25 Asia/Riyadh] mem=42987000
[13-Oct-2025 15:37:25 Asia/Riyadh] mem=42998536
[13-Oct-2025 15:37:25 Asia/Riyadh] mem=43010072
[13-Oct-2025 15:37:25 Asia/Riyadh] mem=43021608
[13-Oct-2025 15:37:25 Asia/Riyadh] mem=43033144
[13-Oct-2025 15:37:25 Asia/Riyadh] mem=43044680
[13-Oct-2025 15:37:25 Asia/Riyadh] mem=43056216
[13-Oct-2025 15:37:25 Asia/Riyadh] mem=43067752
[13-Oct-2025 15:37:25 Asia/Riyadh] mem=43079288
[13-Oct-2025 15:37:25 Asia/Riyadh] mem=43090824
[13-Oct-2025 15:37:25 Asia/Riyadh] mem=43102360
[13-Oct-2025 15:37:25 Asia/Riyadh] mem=43113896
[13-Oct-2025 15:37:25 Asia/Riyadh] mem=45222584
[13-Oct-2025 15:37:25 Asia/Riyadh] mem=45234120
[13-Oct-2025 15:37:25 Asia/Riyadh] mem=45507800
[13-Oct-2025 15:37:25 Asia/Riyadh] mem=45519336
[13-Oct-2025 15:37:25 Asia/Riyadh] mem=45530872
[13-Oct-2025 15:37:25 Asia/Riyadh] mem=45542408
[13-Oct-2025 15:37:25 Asia/Riyadh] mem=45553944
[13-Oct-2025 15:37:25 Asia/Riyadh] mem=45565480
[13-Oct-2025 15:37:25 Asia/Riyadh] mem=45577016
[13-Oct-2025 15:37:25 Asia/Riyadh] mem=45588552
[13-Oct-2025 15:37:25 Asia/Riyadh] mem=45600088
[13-Oct-2025 15:37:25 Asia/Riyadh] mem=45611624
[13-Oct-2025 15:37:25 Asia/Riyadh] mem=45623160
[13-Oct-2025 15:37:25 Asia/Riyadh] mem=45634696
[13-Oct-2025 15:37:25 Asia/Riyadh] mem=47743384
[13-Oct-2025 15:37:25 Asia/Riyadh] mem=47754920
[13-Oct-2025 15:37:25 Asia/Riyadh] mem=47766456
[13-Oct-2025 15:37:25 Asia/Riyadh] mem=47777992
[13-Oct-2025 15:37:25 Asia/Riyadh] mem=47789528
[13-Oct-2025 15:37:25 Asia/Riyadh] mem=47801064
[13-Oct-2025 15:37:25 Asia/Riyadh] mem=47812600
[13-Oct-2025 15:37:25 Asia/Riyadh] mem=47889672
[13-Oct-2025 15:37:25 Asia/Riyadh] mem=47901208
[13-Oct-2025 15:37:25 Asia/Riyadh] mem=47912744
[13-Oct-2025 15:37:25 Asia/Riyadh] mem=47924280
[13-Oct-2025 15:37:25 Asia/Riyadh] mem=47935816
[13-Oct-2025 15:37:25 Asia/Riyadh] mem=47947352
[13-Oct-2025 15:37:25 Asia/Riyadh] mem=50056040
[13-Oct-2025 15:37:25 Asia/Riyadh] mem=50067576
[13-Oct-2025 15:37:25 Asia/Riyadh] mem=50079112
[13-Oct-2025 15:37:25 Asia/Riyadh] mem=50090648
[13-Oct-2025 15:37:25 Asia/Riyadh] mem=50102184
[13-Oct-2025 15:37:25 Asia/Riyadh] mem=50113720
[13-Oct-2025 15:37:25 Asia/Riyadh] mem=50125256
[13-Oct-2025 15:37:25 Asia/Riyadh] mem=50136792
[13-Oct-2025 15:37:25 Asia/Riyadh] mem=50148328
[13-Oct-2025 15:37:25 Asia/Riyadh] mem=50159864
[13-Oct-2025 15:37:25 Asia/Riyadh] mem=50171400
[13-Oct-2025 15:37:25 Asia/Riyadh] mem=50182936
[13-Oct-2025 15:37:25 Asia/Riyadh] mem=50194472
[13-Oct-2025 15:37:25 Asia/Riyadh] mem=50206008
[13-Oct-2025 15:37:25 Asia/Riyadh] mem=52314696
[13-Oct-2025 15:37:25 Asia/Riyadh] mem=52326232
[13-Oct-2025 15:37:25 Asia/Riyadh] mem=52337768
[13-Oct-2025 15:37:25 Asia/Riyadh] mem=52349304
[13-Oct-2025 15:37:25 Asia/Riyadh] mem=52360840
[13-Oct-2025 15:37:25 Asia/Riyadh] mem=52372376
[13-Oct-2025 15:37:25 Asia/Riyadh] mem=52383912
[13-Oct-2025 15:37:25 Asia/Riyadh] mem=52395448
[13-Oct-2025 15:37:25 Asia/Riyadh] mem=52406984
[13-Oct-2025 15:37:25 Asia/Riyadh] mem=52418520
[13-Oct-2025 15:37:25 Asia/Riyadh] mem=52430056
[13-Oct-2025 15:37:25 Asia/Riyadh] mem=52441592
[13-Oct-2025 15:37:25 Asia/Riyadh] mem=52453128
[13-Oct-2025 15:37:25 Asia/Riyadh] mem=54561816
[13-Oct-2025 15:37:25 Asia/Riyadh] mem=54573352
[13-Oct-2025 15:37:25 Asia/Riyadh] mem=54584888
[13-Oct-2025 15:37:25 Asia/Riyadh] mem=54596424
[13-Oct-2025 15:37:25 Asia/Riyadh] mem=54607960
[13-Oct-2025 15:37:25 Asia/Riyadh] mem=54619496
[13-Oct-2025 15:37:25 Asia/Riyadh] mem=54631032
[13-Oct-2025 15:37:25 Asia/Riyadh] mem=54642568
[13-Oct-2025 15:37:25 Asia/Riyadh] mem=54654104
[13-Oct-2025 15:37:25 Asia/Riyadh] mem=54665640
[13-Oct-2025 15:37:25 Asia/Riyadh] mem=54677176
[13-Oct-2025 15:37:25 Asia/Riyadh] mem=54754248
[13-Oct-2025 15:37:25 Asia/Riyadh] mem=56862936
[13-Oct-2025 15:37:25 Asia/Riyadh] mem=56874472
[13-Oct-2025 15:37:25 Asia/Riyadh] mem=56886008
[13-Oct-2025 15:37:25 Asia/Riyadh] mem=56897544
[13-Oct-2025 15:37:25 Asia/Riyadh] mem=56909080
[13-Oct-2025 15:37:25 Asia/Riyadh] mem=56920616
[13-Oct-2025 15:37:25 Asia/Riyadh] mem=56932152
[13-Oct-2025 15:37:25 Asia/Riyadh] mem=56943688
[13-Oct-2025 15:37:25 Asia/Riyadh] mem=56955224
[13-Oct-2025 15:37:25 Asia/Riyadh] mem=56966760
[13-Oct-2025 15:37:25 Asia/Riyadh] mem=56978296
[13-Oct-2025 15:37:25 Asia/Riyadh] mem=56989832
[13-Oct-2025 15:37:25 Asia/Riyadh] mem=57001368
[13-Oct-2025 15:37:25 Asia/Riyadh] mem=59110056
[13-Oct-2025 15:37:25 Asia/Riyadh] mem=59121592
[13-Oct-2025 15:37:25 Asia/Riyadh] mem=59133128
[13-Oct-2025 15:37:25 Asia/Riyadh] mem=59144664
[13-Oct-2025 15:37:25 Asia/Riyadh] mem=59156200
[13-Oct-2025 15:37:25 Asia/Riyadh] mem=59167736
[13-Oct-2025 15:37:25 Asia/Riyadh] mem=59179272
[13-Oct-2025 15:37:25 Asia/Riyadh] mem=59190808
[13-Oct-2025 15:37:25 Asia/Riyadh] mem=59202344
[13-Oct-2025 15:37:25 Asia/Riyadh] mem=59213880
[13-Oct-2025 15:37:25 Asia/Riyadh] mem=59225416
[13-Oct-2025 15:37:25 Asia/Riyadh] mem=59236952
[13-Oct-2025 15:37:25 Asia/Riyadh] mem=61345640
[13-Oct-2025 15:37:25 Asia/Riyadh] mem=61357176
[13-Oct-2025 15:37:25 Asia/Riyadh] mem=61368712
[13-Oct-2025 15:37:25 Asia/Riyadh] mem=61380248
[13-Oct-2025 15:37:25 Asia/Riyadh] mem=61391784
[13-Oct-2025 15:37:25 Asia/Riyadh] mem=61403320
[13-Oct-2025 15:37:25 Asia/Riyadh] mem=61414856
[13-Oct-2025 15:37:25 Asia/Riyadh] mem=61426392
[13-Oct-2025 15:37:25 Asia/Riyadh] mem=61437928
[13-Oct-2025 15:37:25 Asia/Riyadh] mem=61449464
[13-Oct-2025 15:37:25 Asia/Riyadh] mem=61461000
[13-Oct-2025 15:37:25 Asia/Riyadh] mem=61472536
[13-Oct-2025 15:37:25 Asia/Riyadh] mem=63581224
[13-Oct-2025 15:37:25 Asia/Riyadh] mem=63592760
[13-Oct-2025 15:37:25 Asia/Riyadh] mem=63604296
[13-Oct-2025 15:37:25 Asia/Riyadh] mem=63615832
[13-Oct-2025 15:37:25 Asia/Riyadh] mem=63627368
[13-Oct-2025 15:37:25 Asia/Riyadh] mem=63638904
[13-Oct-2025 15:37:25 Asia/Riyadh] mem=63715976
[13-Oct-2025 15:37:25 Asia/Riyadh] mem=63727512
[13-Oct-2025 15:37:25 Asia/Riyadh] mem=63739048
[13-Oct-2025 15:37:25 Asia/Riyadh] mem=63750584
[13-Oct-2025 15:37:25 Asia/Riyadh] mem=63762120
[13-Oct-2025 15:37:25 Asia/Riyadh] mem=65870808
[13-Oct-2025 15:37:25 Asia/Riyadh] mem=65882344
[13-Oct-2025 15:37:25 Asia/Riyadh] mem=65893880
[13-Oct-2025 15:37:25 Asia/Riyadh] mem=65905416
[13-Oct-2025 15:37:25 Asia/Riyadh] mem=65916952
[13-Oct-2025 15:37:25 Asia/Riyadh] mem=65928488
[13-Oct-2025 15:37:25 Asia/Riyadh] mem=65940024
[13-Oct-2025 15:37:25 Asia/Riyadh] mem=65951560
[13-Oct-2025 15:37:25 Asia/Riyadh] mem=65963096
[13-Oct-2025 15:37:25 Asia/Riyadh] mem=65974632
[13-Oct-2025 15:37:25 Asia/Riyadh] mem=65986168
[13-Oct-2025 15:37:25 Asia/Riyadh] mem=65997704
[13-Oct-2025 15:37:25 Asia/Riyadh] mem=68106392
[13-Oct-2025 15:37:25 Asia/Riyadh] mem=68117928
[13-Oct-2025 15:37:25 Asia/Riyadh] mem=68129464
[13-Oct-2025 15:37:25 Asia/Riyadh] mem=68141000
[13-Oct-2025 15:37:25 Asia/Riyadh] mem=68152536
[13-Oct-2025 15:37:25 Asia/Riyadh] mem=68164072
[13-Oct-2025 15:37:25 Asia/Riyadh] mem=68175608
[13-Oct-2025 15:37:25 Asia/Riyadh] mem=68187144
[13-Oct-2025 15:37:25 Asia/Riyadh] mem=68198680
[13-Oct-2025 15:37:25 Asia/Riyadh] mem=68210216
[13-Oct-2025 15:37:25 Asia/Riyadh] mem=68221752
[13-Oct-2025 15:37:25 Asia/Riyadh] mem=70330440
[13-Oct-2025 15:37:25 Asia/Riyadh] mem=70341976
[13-Oct-2025 15:37:25 Asia/Riyadh] mem=70353512
[13-Oct-2025 15:37:25 Asia/Riyadh] mem=70365048
[13-Oct-2025 15:37:25 Asia/Riyadh] mem=70376584
[13-Oct-2025 15:37:25 Asia/Riyadh] mem=70388120
[13-Oct-2025 15:37:26 Asia/Riyadh] mem=70399656
[13-Oct-2025 15:37:26 Asia/Riyadh] mem=70411192
[13-Oct-2025 15:37:26 Asia/Riyadh] mem=70422728
[13-Oct-2025 15:37:26 Asia/Riyadh] mem=70434264
[13-Oct-2025 15:37:26 Asia/Riyadh] mem=70445800
[13-Oct-2025 15:37:26 Asia/Riyadh] mem=72554488
[13-Oct-2025 15:37:26 Asia/Riyadh] mem=72566024
[13-Oct-2025 15:37:26 Asia/Riyadh] mem=72577560
[13-Oct-2025 15:37:26 Asia/Riyadh] mem=72589096
[13-Oct-2025 15:37:26 Asia/Riyadh] mem=72600632
[13-Oct-2025 15:37:26 Asia/Riyadh] mem=72677704
[13-Oct-2025 15:37:26 Asia/Riyadh] mem=72689240
[13-Oct-2025 15:37:26 Asia/Riyadh] mem=72700776
[13-Oct-2025 15:37:26 Asia/Riyadh] mem=72712312
[13-Oct-2025 15:37:26 Asia/Riyadh] mem=72723848
[13-Oct-2025 15:37:26 Asia/Riyadh] mem=72735384
[13-Oct-2025 15:37:26 Asia/Riyadh] mem=74844072
[13-Oct-2025 15:37:26 Asia/Riyadh] mem=74855608
[13-Oct-2025 15:37:26 Asia/Riyadh] mem=74867144
[13-Oct-2025 15:37:26 Asia/Riyadh] mem=74878680
[13-Oct-2025 15:37:26 Asia/Riyadh] mem=74890216
[13-Oct-2025 15:37:26 Asia/Riyadh] mem=74901752
[13-Oct-2025 15:37:26 Asia/Riyadh] mem=74913288
[13-Oct-2025 15:37:26 Asia/Riyadh] mem=75186968
[13-Oct-2025 15:37:26 Asia/Riyadh] mem=75198504
[13-Oct-2025 15:37:26 Asia/Riyadh] mem=75210040
[13-Oct-2025 15:37:26 Asia/Riyadh] mem=75221576
[13-Oct-2025 15:37:26 Asia/Riyadh] mem=77330264
[13-Oct-2025 15:37:26 Asia/Riyadh] mem=77341800
[13-Oct-2025 15:37:26 Asia/Riyadh] mem=77353336
[13-Oct-2025 15:37:26 Asia/Riyadh] mem=77364872
[13-Oct-2025 15:37:26 Asia/Riyadh] mem=77376408
[13-Oct-2025 15:37:26 Asia/Riyadh] mem=77387944
[13-Oct-2025 15:37:26 Asia/Riyadh] mem=77399480
[13-Oct-2025 15:37:26 Asia/Riyadh] mem=77411016
[13-Oct-2025 15:37:26 Asia/Riyadh] mem=77422552
[13-Oct-2025 15:37:26 Asia/Riyadh] mem=77434088
[13-Oct-2025 15:37:26 Asia/Riyadh] mem=79542776
[13-Oct-2025 15:37:26 Asia/Riyadh] mem=79554312
[13-Oct-2025 15:37:26 Asia/Riyadh] mem=79565848
[13-Oct-2025 15:37:26 Asia/Riyadh] mem=79577384
[13-Oct-2025 15:37:26 Asia/Riyadh] mem=79588920
[13-Oct-2025 15:37:26 Asia/Riyadh] mem=79600456
[13-Oct-2025 15:37:26 Asia/Riyadh] mem=79611992
[13-Oct-2025 15:37:26 Asia/Riyadh] mem=79623528
[13-Oct-2025 15:37:26 Asia/Riyadh] mem=79635064
[13-Oct-2025 15:37:26 Asia/Riyadh] mem=79646600
[13-Oct-2025 15:37:26 Asia/Riyadh] mem=81755288
[13-Oct-2025 15:37:26 Asia/Riyadh] mem=81766824
[13-Oct-2025 15:37:26 Asia/Riyadh] mem=81778360
[13-Oct-2025 15:37:26 Asia/Riyadh] mem=81789896
[13-Oct-2025 15:37:26 Asia/Riyadh] mem=81801432
[13-Oct-2025 15:37:26 Asia/Riyadh] mem=81812968
[13-Oct-2025 15:37:26 Asia/Riyadh] mem=81824504
[13-Oct-2025 15:37:26 Asia/Riyadh] mem=81901576
[13-Oct-2025 15:37:26 Asia/Riyadh] mem=81913112
[13-Oct-2025 15:37:26 Asia/Riyadh] mem=81924648
[13-Oct-2025 15:37:26 Asia/Riyadh] mem=81936184
[13-Oct-2025 15:37:26 Asia/Riyadh] mem=84044872
[13-Oct-2025 15:37:26 Asia/Riyadh] mem=84056408
[13-Oct-2025 15:37:26 Asia/Riyadh] mem=84067944
[13-Oct-2025 15:37:26 Asia/Riyadh] mem=84079480
[13-Oct-2025 15:37:26 Asia/Riyadh] mem=84091016
[13-Oct-2025 15:37:26 Asia/Riyadh] mem=84102552
[13-Oct-2025 15:37:26 Asia/Riyadh] mem=84114088
[13-Oct-2025 15:37:26 Asia/Riyadh] mem=84125624
[13-Oct-2025 15:37:26 Asia/Riyadh] mem=84137160
[13-Oct-2025 15:37:26 Asia/Riyadh] mem=84148696
[13-Oct-2025 15:37:26 Asia/Riyadh] mem=86257384
[13-Oct-2025 15:37:26 Asia/Riyadh] mem=86268920
[13-Oct-2025 15:37:26 Asia/Riyadh] mem=86280456
[13-Oct-2025 15:37:26 Asia/Riyadh] mem=86291992
[13-Oct-2025 15:37:26 Asia/Riyadh] mem=86303528
[13-Oct-2025 15:37:26 Asia/Riyadh] mem=86315064
[13-Oct-2025 15:37:26 Asia/Riyadh] mem=86326600
[13-Oct-2025 15:37:26 Asia/Riyadh] mem=86338136
[13-Oct-2025 15:37:26 Asia/Riyadh] mem=86349672
[13-Oct-2025 15:37:26 Asia/Riyadh] mem=88458360
[13-Oct-2025 15:37:26 Asia/Riyadh] mem=88469896
[13-Oct-2025 15:37:26 Asia/Riyadh] mem=88481432
[13-Oct-2025 15:37:26 Asia/Riyadh] mem=88492968
[13-Oct-2025 15:37:26 Asia/Riyadh] mem=88504504
[13-Oct-2025 15:37:26 Asia/Riyadh] mem=88516040
[13-Oct-2025 15:37:26 Asia/Riyadh] mem=88527576
[13-Oct-2025 15:37:26 Asia/Riyadh] mem=88539112
[13-Oct-2025 15:37:26 Asia/Riyadh] mem=88550648
[13-Oct-2025 15:37:26 Asia/Riyadh] mem=88562184
[13-Oct-2025 15:37:26 Asia/Riyadh] mem=90670872
[13-Oct-2025 15:37:26 Asia/Riyadh] mem=90682408
[13-Oct-2025 15:37:26 Asia/Riyadh] mem=90693944
[13-Oct-2025 15:37:26 Asia/Riyadh] mem=90705480
[13-Oct-2025 15:37:26 Asia/Riyadh] mem=90717016
[13-Oct-2025 15:37:26 Asia/Riyadh] mem=90728552
[13-Oct-2025 15:37:26 Asia/Riyadh] mem=90740088
[13-Oct-2025 15:37:26 Asia/Riyadh] mem=90751624
[13-Oct-2025 15:37:26 Asia/Riyadh] mem=90763160
[13-Oct-2025 15:37:26 Asia/Riyadh] mem=90774696
[13-Oct-2025 15:37:26 Asia/Riyadh] mem=92883384
[13-Oct-2025 15:37:26 Asia/Riyadh] mem=92960456
[13-Oct-2025 15:37:26 Asia/Riyadh] mem=92971992
[13-Oct-2025 15:37:26 Asia/Riyadh] mem=92983528
[13-Oct-2025 15:37:26 Asia/Riyadh] mem=92995064
[13-Oct-2025 15:37:26 Asia/Riyadh] mem=93006600
[13-Oct-2025 15:37:26 Asia/Riyadh] mem=93018136
[13-Oct-2025 15:37:26 Asia/Riyadh] mem=93029672
[13-Oct-2025 15:37:26 Asia/Riyadh] mem=93041208
[13-Oct-2025 15:37:26 Asia/Riyadh] mem=95149896
[13-Oct-2025 15:37:26 Asia/Riyadh] mem=95161432
[13-Oct-2025 15:37:26 Asia/Riyadh] mem=95172968
[13-Oct-2025 15:37:26 Asia/Riyadh] mem=95184504
[13-Oct-2025 15:37:26 Asia/Riyadh] mem=95196040
[13-Oct-2025 15:37:26 Asia/Riyadh] mem=95207576
[13-Oct-2025 15:37:26 Asia/Riyadh] mem=95219112
[13-Oct-2025 15:37:26 Asia/Riyadh] mem=95230648
[13-Oct-2025 15:37:26 Asia/Riyadh] mem=95242184
[13-Oct-2025 15:37:26 Asia/Riyadh] mem=95253720
[13-Oct-2025 15:37:26 Asia/Riyadh] mem=97362408
[13-Oct-2025 15:37:26 Asia/Riyadh] mem=97373944
[13-Oct-2025 15:37:26 Asia/Riyadh] mem=97385480
[13-Oct-2025 15:37:26 Asia/Riyadh] mem=97397016
[13-Oct-2025 15:37:26 Asia/Riyadh] mem=97408552
[13-Oct-2025 15:37:26 Asia/Riyadh] mem=97420088
[13-Oct-2025 15:37:26 Asia/Riyadh] mem=97431624
[13-Oct-2025 15:37:26 Asia/Riyadh] mem=97443160
[13-Oct-2025 15:37:26 Asia/Riyadh] mem=97454696
[13-Oct-2025 15:37:26 Asia/Riyadh] mem=99563384
[13-Oct-2025 15:37:26 Asia/Riyadh] mem=99574920
[13-Oct-2025 15:37:26 Asia/Riyadh] mem=99586456
[13-Oct-2025 15:37:26 Asia/Riyadh] mem=99597992
[13-Oct-2025 15:37:26 Asia/Riyadh] mem=99609528
[13-Oct-2025 15:37:26 Asia/Riyadh] mem=99621064
[13-Oct-2025 15:37:26 Asia/Riyadh] mem=99632600
[13-Oct-2025 15:37:26 Asia/Riyadh] mem=99644136
[13-Oct-2025 15:37:26 Asia/Riyadh] mem=99655672
[13-Oct-2025 15:37:26 Asia/Riyadh] mem=101764360
[13-Oct-2025 15:37:26 Asia/Riyadh] mem=101775896
[13-Oct-2025 15:37:26 Asia/Riyadh] mem=101787432
[13-Oct-2025 15:37:26 Asia/Riyadh] mem=101798968
[13-Oct-2025 15:37:26 Asia/Riyadh] mem=101810504
[13-Oct-2025 15:37:26 Asia/Riyadh] mem=101822040
[13-Oct-2025 15:37:26 Asia/Riyadh] mem=101833576
[13-Oct-2025 15:37:26 Asia/Riyadh] mem=101845112
[13-Oct-2025 15:37:26 Asia/Riyadh] mem=101922184
[13-Oct-2025 15:37:26 Asia/Riyadh] mem=104030872
[13-Oct-2025 15:37:26 Asia/Riyadh] mem=104042408
[13-Oct-2025 15:37:26 Asia/Riyadh] mem=104053944
[13-Oct-2025 15:37:26 Asia/Riyadh] mem=104065480
[13-Oct-2025 15:37:26 Asia/Riyadh] mem=104077016
[13-Oct-2025 15:37:26 Asia/Riyadh] mem=104088552
[13-Oct-2025 15:37:26 Asia/Riyadh] mem=104100088
[13-Oct-2025 15:37:26 Asia/Riyadh] mem=104111624
[13-Oct-2025 15:37:26 Asia/Riyadh] mem=104123160
[13-Oct-2025 15:37:26 Asia/Riyadh] mem=106231848
[13-Oct-2025 15:37:26 Asia/Riyadh] mem=106243384
[13-Oct-2025 15:37:26 Asia/Riyadh] mem=106254920
[13-Oct-2025 15:37:26 Asia/Riyadh] mem=106266456
[13-Oct-2025 15:37:26 Asia/Riyadh] mem=106277992
[13-Oct-2025 15:37:26 Asia/Riyadh] mem=106289528
[13-Oct-2025 15:37:26 Asia/Riyadh] mem=106301064
[13-Oct-2025 15:37:26 Asia/Riyadh] mem=106312600
[13-Oct-2025 15:37:26 Asia/Riyadh] mem=106324136
[13-Oct-2025 15:37:26 Asia/Riyadh] mem=108432824
[13-Oct-2025 15:37:26 Asia/Riyadh] mem=108444360
[13-Oct-2025 15:37:26 Asia/Riyadh] mem=108455896
[13-Oct-2025 15:37:26 Asia/Riyadh] mem=108467432
[13-Oct-2025 15:37:26 Asia/Riyadh] mem=108478968
[13-Oct-2025 15:37:26 Asia/Riyadh] mem=108490504
[13-Oct-2025 15:37:26 Asia/Riyadh] mem=108502040
[13-Oct-2025 15:37:26 Asia/Riyadh] mem=108513576
[13-Oct-2025 15:37:26 Asia/Riyadh] mem=110622264
[13-Oct-2025 15:37:26 Asia/Riyadh] mem=110633800
[13-Oct-2025 15:37:26 Asia/Riyadh] mem=110645336
[13-Oct-2025 15:37:26 Asia/Riyadh] mem=110656872
[13-Oct-2025 15:37:26 Asia/Riyadh] mem=110668408
[13-Oct-2025 15:37:26 Asia/Riyadh] mem=110679944
[13-Oct-2025 15:37:26 Asia/Riyadh] mem=110691480
[13-Oct-2025 15:37:26 Asia/Riyadh] mem=110703016
[13-Oct-2025 15:37:26 Asia/Riyadh] mem=110714552
[13-Oct-2025 15:37:26 Asia/Riyadh] mem=112823240
[13-Oct-2025 15:37:26 Asia/Riyadh] mem=112834776
[13-Oct-2025 15:37:26 Asia/Riyadh] mem=112846312
[13-Oct-2025 15:37:26 Asia/Riyadh] mem=112857848
[13-Oct-2025 15:37:26 Asia/Riyadh] mem=112869384
[13-Oct-2025 15:37:26 Asia/Riyadh] mem=112880920
[13-Oct-2025 15:37:26 Asia/Riyadh] mem=112892456
[13-Oct-2025 15:37:26 Asia/Riyadh] mem=112903992
[13-Oct-2025 15:37:26 Asia/Riyadh] mem=113243208
[13-Oct-2025 15:37:26 Asia/Riyadh] mem=115351896
[13-Oct-2025 15:37:26 Asia/Riyadh] mem=115363432
[13-Oct-2025 15:37:26 Asia/Riyadh] mem=115374968
[13-Oct-2025 15:37:26 Asia/Riyadh] mem=115386504
[13-Oct-2025 15:37:26 Asia/Riyadh] mem=115398040
[13-Oct-2025 15:37:26 Asia/Riyadh] mem=115409576
[13-Oct-2025 15:37:26 Asia/Riyadh] mem=115421112
[13-Oct-2025 15:37:26 Asia/Riyadh] mem=115432648
[13-Oct-2025 15:37:26 Asia/Riyadh] mem=117541336
[13-Oct-2025 15:37:26 Asia/Riyadh] mem=117552872
[13-Oct-2025 15:37:26 Asia/Riyadh] mem=117564408
[13-Oct-2025 15:37:26 Asia/Riyadh] mem=117575944
[13-Oct-2025 15:37:26 Asia/Riyadh] mem=117587480
[13-Oct-2025 15:37:26 Asia/Riyadh] mem=117599016
[13-Oct-2025 15:37:26 Asia/Riyadh] mem=117610552
[13-Oct-2025 15:37:26 Asia/Riyadh] mem=117622088
[13-Oct-2025 15:37:26 Asia/Riyadh] mem=119730776
[13-Oct-2025 15:37:26 Asia/Riyadh] mem=119742312
[13-Oct-2025 15:37:26 Asia/Riyadh] mem=119753848
[13-Oct-2025 15:37:26 Asia/Riyadh] mem=119765384
[13-Oct-2025 15:37:26 Asia/Riyadh] mem=119776920
[13-Oct-2025 15:37:26 Asia/Riyadh] mem=119788456
[13-Oct-2025 15:37:26 Asia/Riyadh] mem=119799992
[13-Oct-2025 15:37:26 Asia/Riyadh] mem=119811528
[13-Oct-2025 15:37:26 Asia/Riyadh] mem=119823064
[13-Oct-2025 15:37:26 Asia/Riyadh] mem=121931752
[13-Oct-2025 15:37:26 Asia/Riyadh] mem=121943288
[13-Oct-2025 15:37:26 Asia/Riyadh] mem=121954824
[13-Oct-2025 15:37:26 Asia/Riyadh] mem=121966360
[13-Oct-2025 15:37:26 Asia/Riyadh] mem=121977896
[13-Oct-2025 15:37:26 Asia/Riyadh] mem=121989432
[13-Oct-2025 15:37:26 Asia/Riyadh] mem=122000968
[13-Oct-2025 15:37:26 Asia/Riyadh] mem=122012504
[13-Oct-2025 15:37:27 Asia/Riyadh] mem=124121192
[13-Oct-2025 15:37:27 Asia/Riyadh] mem=124132728
[13-Oct-2025 15:37:27 Asia/Riyadh] mem=124144264
[13-Oct-2025 15:37:27 Asia/Riyadh] mem=124155800
[13-Oct-2025 15:37:27 Asia/Riyadh] mem=124167336
[13-Oct-2025 15:37:27 Asia/Riyadh] mem=124178872
[13-Oct-2025 15:37:27 Asia/Riyadh] mem=124190408
[13-Oct-2025 15:37:27 Asia/Riyadh] mem=124201944
[13-Oct-2025 15:37:27 Asia/Riyadh] mem=126310632
[13-Oct-2025 15:37:27 Asia/Riyadh] mem=126322168
[13-Oct-2025 15:37:27 Asia/Riyadh] mem=126399240
[13-Oct-2025 15:37:27 Asia/Riyadh] mem=126410776
[13-Oct-2025 15:37:27 Asia/Riyadh] mem=126422312
[13-Oct-2025 15:37:27 Asia/Riyadh] mem=126433848
[13-Oct-2025 15:37:27 Asia/Riyadh] mem=126445384
[13-Oct-2025 15:37:27 Asia/Riyadh] mem=126456920
[13-Oct-2025 15:37:27 Asia/Riyadh] mem=128565608
[13-Oct-2025 15:37:27 Asia/Riyadh] mem=128577144
[13-Oct-2025 15:37:27 Asia/Riyadh] mem=128588680
[13-Oct-2025 15:37:27 Asia/Riyadh] mem=128600216
[13-Oct-2025 15:37:27 Asia/Riyadh] mem=128611752
[13-Oct-2025 15:37:27 Asia/Riyadh] mem=128623288
[13-Oct-2025 15:37:27 Asia/Riyadh] mem=128634824
[13-Oct-2025 15:37:27 Asia/Riyadh] mem=128646360
[13-Oct-2025 15:37:27 Asia/Riyadh] mem=130755048
[13-Oct-2025 15:37:27 Asia/Riyadh] mem=130766584
[13-Oct-2025 15:37:27 Asia/Riyadh] mem=130778120
[13-Oct-2025 15:37:27 Asia/Riyadh] mem=130789656
[13-Oct-2025 15:37:27 Asia/Riyadh] mem=130801192
[13-Oct-2025 15:37:27 Asia/Riyadh] mem=130812728
[13-Oct-2025 15:37:27 Asia/Riyadh] mem=130824264
[13-Oct-2025 15:37:27 Asia/Riyadh] mem=130835800
[13-Oct-2025 15:37:27 Asia/Riyadh] mem=132944488
[13-Oct-2025 15:37:27 Asia/Riyadh] mem=132956024
[13-Oct-2025 15:37:27 Asia/Riyadh] mem=132967560
[13-Oct-2025 15:37:27 Asia/Riyadh] mem=132979096
[13-Oct-2025 15:37:27 Asia/Riyadh] mem=132990632
[13-Oct-2025 15:37:27 Asia/Riyadh] mem=133002168
[13-Oct-2025 15:37:27 Asia/Riyadh] mem=133013704
[13-Oct-2025 15:37:27 Asia/Riyadh] mem=133025240
[13-Oct-2025 15:37:27 Asia/Riyadh] mem=135133928
[13-Oct-2025 15:37:27 Asia/Riyadh] mem=135145464
[13-Oct-2025 15:37:27 Asia/Riyadh] mem=135157000
[13-Oct-2025 15:37:27 Asia/Riyadh] mem=135168536
[13-Oct-2025 15:37:27 Asia/Riyadh] mem=135180072
[13-Oct-2025 15:37:27 Asia/Riyadh] mem=135191608
[13-Oct-2025 15:37:27 Asia/Riyadh] mem=135203144
[13-Oct-2025 15:37:27 Asia/Riyadh] mem=137311832
[13-Oct-2025 15:37:27 Asia/Riyadh] mem=137323368
[13-Oct-2025 15:37:27 Asia/Riyadh] mem=137334904
[13-Oct-2025 15:37:27 Asia/Riyadh] mem=137346440
[13-Oct-2025 15:37:27 Asia/Riyadh] mem=137357976
[13-Oct-2025 15:37:27 Asia/Riyadh] mem=137369512
[13-Oct-2025 15:37:27 Asia/Riyadh] mem=137381048
[13-Oct-2025 15:37:27 Asia/Riyadh] mem=137458120
[13-Oct-2025 15:37:27 Asia/Riyadh] mem=139566808
[13-Oct-2025 15:37:27 Asia/Riyadh] mem=139578344
[13-Oct-2025 15:37:27 Asia/Riyadh] mem=139589880
[13-Oct-2025 15:37:27 Asia/Riyadh] mem=139601416
[13-Oct-2025 15:37:27 Asia/Riyadh] mem=139612952
[13-Oct-2025 15:37:27 Asia/Riyadh] mem=139624488
[13-Oct-2025 15:37:27 Asia/Riyadh] mem=139636024
[13-Oct-2025 15:37:27 Asia/Riyadh] mem=139647560
[13-Oct-2025 15:37:27 Asia/Riyadh] mem=141756248
[13-Oct-2025 15:37:27 Asia/Riyadh] mem=141767784
[13-Oct-2025 15:37:27 Asia/Riyadh] mem=141779320
[13-Oct-2025 15:37:27 Asia/Riyadh] mem=141790856
[13-Oct-2025 15:37:27 Asia/Riyadh] mem=141802392
[13-Oct-2025 15:37:27 Asia/Riyadh] mem=141813928
[13-Oct-2025 15:37:27 Asia/Riyadh] mem=141825464
[13-Oct-2025 15:37:27 Asia/Riyadh] mem=143934152
[13-Oct-2025 15:37:27 Asia/Riyadh] mem=143945688
[13-Oct-2025 15:37:27 Asia/Riyadh] mem=143957224
[13-Oct-2025 15:37:27 Asia/Riyadh] mem=143968760
[13-Oct-2025 15:37:27 Asia/Riyadh] mem=143980296
[13-Oct-2025 15:37:27 Asia/Riyadh] mem=143991832
[13-Oct-2025 15:37:27 Asia/Riyadh] mem=144003368
[13-Oct-2025 15:37:27 Asia/Riyadh] mem=144014904
[13-Oct-2025 15:37:27 Asia/Riyadh] mem=146123592
[13-Oct-2025 15:37:27 Asia/Riyadh] mem=146135128
[13-Oct-2025 15:37:27 Asia/Riyadh] mem=146146664
[13-Oct-2025 15:37:27 Asia/Riyadh] mem=146158200
[13-Oct-2025 15:37:27 Asia/Riyadh] mem=146169736
[13-Oct-2025 15:37:27 Asia/Riyadh] mem=146181272
[13-Oct-2025 15:37:27 Asia/Riyadh] mem=146192808
[13-Oct-2025 15:37:27 Asia/Riyadh] mem=148301496
[13-Oct-2025 15:37:27 Asia/Riyadh] mem=148313032
[13-Oct-2025 15:37:27 Asia/Riyadh] mem=148324568
[13-Oct-2025 15:37:27 Asia/Riyadh] mem=148336104
[13-Oct-2025 15:37:27 Asia/Riyadh] mem=148347640
[13-Oct-2025 15:37:27 Asia/Riyadh] mem=148359176
[13-Oct-2025 15:37:27 Asia/Riyadh] mem=148370712
[13-Oct-2025 15:37:27 Asia/Riyadh] mem=148382248
[13-Oct-2025 15:37:27 Asia/Riyadh] PHP Fatal error:  Allowed memory size of 536870912 bytes exhausted (tried to allocate 134496256 bytes) in C:\xampp\htdocs\ContractSama\config\database.php on line 121
[14-Oct-2025 07:23:09 Asia/Riyadh] PHP Warning:  Undefined array key "REQUEST_URI" in C:\xampp\htdocs\ContractSama\routes\web.php on line 20
[14-Oct-2025 07:23:09 Asia/Riyadh] PHP Deprecated:  parse_url(): Passing null to parameter #1 ($url) of type string is deprecated in C:\xampp\htdocs\ContractSama\routes\web.php on line 20
[14-Oct-2025 07:23:09 Asia/Riyadh] PHP Warning:  Undefined array key "REQUEST_METHOD" in C:\xampp\htdocs\ContractSama\routes\web.php on line 21
[18-Oct-2025 23:48:08 Asia/Riyadh] PHP Warning:  Undefined array key "REQUEST_URI" in C:\xampp\htdocs\ContractSama\routes\web.php on line 20
[18-Oct-2025 23:48:08 Asia/Riyadh] PHP Deprecated:  parse_url(): Passing null to parameter #1 ($url) of type string is deprecated in C:\xampp\htdocs\ContractSama\routes\web.php on line 20
[18-Oct-2025 23:48:08 Asia/Riyadh] PHP Warning:  Undefined array key "REQUEST_METHOD" in C:\xampp\htdocs\ContractSama\routes\web.php on line 21
[18-Oct-2025 23:51:48 Asia/Riyadh] PHP Warning:  Undefined array key "REQUEST_URI" in C:\xampp\htdocs\ContractSama\routes\web.php on line 20
[18-Oct-2025 23:51:48 Asia/Riyadh] PHP Deprecated:  parse_url(): Passing null to parameter #1 ($url) of type string is deprecated in C:\xampp\htdocs\ContractSama\routes\web.php on line 20
[18-Oct-2025 23:51:48 Asia/Riyadh] PHP Warning:  Undefined array key "REQUEST_METHOD" in C:\xampp\htdocs\ContractSama\routes\web.php on line 21
